<?xml version="1.0" encoding="UTF-8"?>
<!-- Generated by org.testng.reporters.JUnitReportReporter -->
<testsuite hostname="DESKTOP-TD3L5QA" failures="0" tests="1" name="rahulshettyacademy.ExtentReports.ExtentReportDemo" time="8.249" errors="0" timestamp="2024-05-22T09:25:28 IST" skipped="0">
  <testcase classname="rahulshettyacademy.ExtentReports.ExtentReportDemo" name="initialDemo" time="8.249"/>
</testsuite> <!-- rahulshettyacademy.ExtentReports.ExtentReportDemo -->
